<?xml version="1.0" encoding="UTF-8"?>
<!-- Generated by org.testng.reporters.JUnitReportReporter -->
<testsuite skipped="0" hostname="DESKTOP-P12432T" name="TestNGGrouping.TC1" tests="3" failures="0" timestamp="04 Mar 2019 23:33:05 GMT" time="0.013" errors="0">
  <testcase name="loginByEmail" time="0.009" classname="TestNGGrouping.TC1"/>
  <testcase name="loginByFacbook" time="0.003" classname="TestNGGrouping.TC1"/>
  <testcase name="loginByTwitter" time="0.001" classname="TestNGGrouping.TC1"/>
</testsuite> <!-- TestNGGrouping.TC1 -->
