<?xml version="1.0" encoding="UTF-8"?>
<!-- Generated by org.testng.reporters.JUnitReportReporter -->
<testsuite skipped="0" hostname="DESKTOP-P12432T" name="TestNG.DemoFISRSTest" tests="1" failures="0" timestamp="01 Mar 2019 20:42:20 GMT" time="0.002" errors="0">
  <testcase name="openURL" time="0.002" classname="TestNG.DemoFISRSTest"/>
</testsuite> <!-- TestNG.DemoFISRSTest -->
