<?xml version="1.0" encoding="UTF-8"?>
<!-- Generated by org.testng.reporters.JUnitReportReporter -->
<testsuite skipped="0" hostname="DESKTOP-P12432T" name="TestNGParameterization.DemoParameterization" tests="2" failures="0" timestamp="01 Mar 2019 21:34:35 GMT" time="0.012" errors="0">
  <testcase name="m1" time="0.009" classname="TestNGParameterization.DemoParameterization"/>
  <testcase name="m2" time="0.003" classname="TestNGParameterization.DemoParameterization"/>
</testsuite> <!-- TestNGParameterization.DemoParameterization -->
