<?xml version="1.0" encoding="UTF-8"?>
<!-- Generated by org.testng.reporters.JUnitReportReporter -->
<testsuite skipped="0" hostname="DESKTOP-P12432T" name="Log4jLogging.loggingDemo" tests="1" failures="0" timestamp="06 Mar 2019 19:19:29 GMT" time="0.201" errors="0">
  <testcase name="login" time="0.201" classname="Log4jLogging.loggingDemo"/>
</testsuite> <!-- Log4jLogging.loggingDemo -->
