<?xml version="1.0" encoding="UTF-8"?>
<!-- Generated by org.testng.reporters.JUnitReportReporter -->
<testsuite skipped="0" hostname="DESKTOP-P12432T" name="TestNG.AnnotationMethodDemo1" tests="1" failures="0" timestamp="01 Mar 2019 20:42:20 GMT" time="0.002" errors="0">
  <testcase name="search" time="0.002" classname="TestNG.AnnotationMethodDemo1"/>
</testsuite> <!-- TestNG.AnnotationMethodDemo1 -->
