<?xml version="1.0" encoding="UTF-8"?>
<!-- Generated by org.testng.reporters.JUnitReportReporter -->
<testsuite skipped="0" hostname="DESKTOP-P12432T" name="TestNGGrouping.TC2" tests="3" failures="0" timestamp="04 Mar 2019 23:32:45 GMT" time="0.008" errors="0">
  <testcase name="paymentReturnbybank" time="0.002" classname="TestNGGrouping.TC2"/>
  <testcase name="payementindollar" time="0.003" classname="TestNGGrouping.TC2"/>
  <testcase name="payementinrupees" time="0.003" classname="TestNGGrouping.TC2"/>
</testsuite> <!-- TestNGGrouping.TC2 -->
