<?xml version="1.0" encoding="UTF-8"?>
<!-- Generated by org.testng.reporters.JUnitReportReporter -->
<testsuite skipped="0" hostname="DESKTOP-P12432T" name="TestNG.AnnotationMethodDemo" tests="1" failures="0" timestamp="01 Mar 2019 20:42:20 GMT" time="0.004" errors="0">
  <testcase name="search" time="0.004" classname="TestNG.AnnotationMethodDemo"/>
</testsuite> <!-- TestNG.AnnotationMethodDemo -->
