<?xml version="1.0" encoding="UTF-8"?>
<!-- Generated by org.testng.reporters.JUnitReportReporter -->
<testsuite skipped="0" hostname="DESKTOP-P12432T" name="TestNGGrouping.TC3" tests="1" failures="0" timestamp="04 Mar 2019 23:33:05 GMT" time="0.000" errors="0">
  <testcase name="signupbyemail" time="0.000" classname="TestNGGrouping.TC3"/>
</testsuite> <!-- TestNGGrouping.TC3 -->
