<?xml version="1.0" encoding="UTF-8"?>
<!-- Generated by org.testng.reporters.JUnitReportReporter -->
<testsuite skipped="0" hostname="DESKTOP-P12432T" name="TestNGParameterization.CrossBrowserTest" tests="8" failures="0" timestamp="03 Mar 2019 01:45:04 GMT" time="39.906" errors="0">
  <testcase name="launchBrowser" time="16.892" classname="TestNGParameterization.CrossBrowserTest"/>
  <testcase name="launchBrowser" time="20.021" classname="TestNGParameterization.CrossBrowserTest"/>
  <testcase name="verifyTitle" time="0.014" classname="TestNGParameterization.CrossBrowserTest"/>
  <testcase name="verifyTitle" time="0.006" classname="TestNGParameterization.CrossBrowserTest"/>
  <testcase name="registration" time="0.001" classname="TestNGParameterization.CrossBrowserTest"/>
  <testcase name="registration" time="0.002" classname="TestNGParameterization.CrossBrowserTest"/>
  <testcase name="closeBrowwser" time="0.902" classname="TestNGParameterization.CrossBrowserTest"/>
  <testcase name="closeBrowwser" time="2.068" classname="TestNGParameterization.CrossBrowserTest"/>
</testsuite> <!-- TestNGParameterization.CrossBrowserTest -->
