<?xml version="1.0" encoding="UTF-8"?>
<!-- Generated by org.testng.reporters.JUnitReportReporter -->
<testsuite skipped="0" hostname="DESKTOP-P12432T" name="Log4jLogging.LogingDemo" tests="1" failures="0" timestamp="06 Mar 2019 21:36:01 GMT" time="0.296" errors="0">
  <testcase name="login" time="0.296" classname="Log4jLogging.LogingDemo"/>
</testsuite> <!-- Log4jLogging.LogingDemo -->
