<?xml version="1.0" encoding="UTF-8"?>
<!-- Generated by org.testng.reporters.JUnitReportReporter -->
<testsuite skipped="0" hostname="DESKTOP-P12432T" name="PageObjectModel.RegistrationTest" tests="1" failures="0" timestamp="06 Mar 2019 23:48:26 GMT" time="2.694" errors="0">
  <testcase name="userRegistration" time="2.694" classname="PageObjectModel.RegistrationTest"/>
</testsuite> <!-- PageObjectModel.RegistrationTest -->
